  [1m[35m (165.5ms)[0m  [1m[35mCREATE DATABASE "backend_development" ENCODING = 'unicode'[0m
  [1m[35m (47.8ms)[0m  [1m[35mCREATE DATABASE "backend_test" ENCODING = 'unicode'[0m
  [1m[35m (15.7ms)[0m  [1m[35mCREATE TABLE "schema_migrations" ("version" character varying NOT NULL PRIMARY KEY)[0m
  [1m[35m (3.2ms)[0m  [1m[35mCREATE TABLE "ar_internal_metadata" ("key" character varying NOT NULL PRIMARY KEY, "value" character varying, "created_at" timestamp(6) NOT NULL, "updated_at" timestamp(6) NOT NULL)[0m
  [1m[35m (0.7ms)[0m  [1m[34mSELECT pg_try_advisory_lock(5073945470573576205)[0m
  [1m[35m (0.6ms)[0m  [1m[34mSELECT "schema_migrations"."version" FROM "schema_migrations" ORDER BY "schema_migrations"."version" ASC[0m
Migrating to CreateScoreBoards (20200723134511)
  [1m[35m (0.2ms)[0m  [1m[35mBEGIN[0m
  [1m[35m (5.8ms)[0m  [1m[35mCREATE TABLE "score_boards" ("id" bigserial primary key, "difficulty" character varying, "created_at" timestamp(6) NOT NULL, "updated_at" timestamp(6) NOT NULL)[0m
  [1m[36mprimary::SchemaMigration Create (1.3ms)[0m  [1m[32mINSERT INTO "schema_migrations" ("version") VALUES ($1) RETURNING "version"[0m  [["version", "20200723134511"]]
  [1m[35m (0.3ms)[0m  [1m[35mCOMMIT[0m
Migrating to CreateHighScores (20200723134651)
  [1m[35m (0.2ms)[0m  [1m[35mBEGIN[0m
  [1m[35m (3.9ms)[0m  [1m[35mCREATE TABLE "high_scores" ("id" bigserial primary key, "initials" character varying, "score" integer, "difficulty" character varying, "score_board_id" integer, "created_at" timestamp(6) NOT NULL, "updated_at" timestamp(6) NOT NULL)[0m
  [1m[36mprimary::SchemaMigration Create (0.7ms)[0m  [1m[32mINSERT INTO "schema_migrations" ("version") VALUES ($1) RETURNING "version"[0m  [["version", "20200723134651"]]
  [1m[35m (0.7ms)[0m  [1m[35mCOMMIT[0m
  [1m[36mActiveRecord::InternalMetadata Load (0.5ms)[0m  [1m[34mSELECT "ar_internal_metadata".* FROM "ar_internal_metadata" WHERE "ar_internal_metadata"."key" = $1 LIMIT $2[0m  [["key", "environment"], ["LIMIT", 1]]
  [1m[35m (0.2ms)[0m  [1m[35mBEGIN[0m
  [1m[36mActiveRecord::InternalMetadata Create (1.2ms)[0m  [1m[32mINSERT INTO "ar_internal_metadata" ("key", "value", "created_at", "updated_at") VALUES ($1, $2, $3, $4) RETURNING "key"[0m  [["key", "environment"], ["value", "development"], ["created_at", "2020-07-23 13:59:03.630483"], ["updated_at", "2020-07-23 13:59:03.630483"]]
  [1m[35m (0.3ms)[0m  [1m[35mCOMMIT[0m
  [1m[35m (0.5ms)[0m  [1m[34mSELECT pg_advisory_unlock(5073945470573576205)[0m
  [1m[35m (1.5ms)[0m  [1m[34mSELECT "schema_migrations"."version" FROM "schema_migrations" ORDER BY "schema_migrations"."version" ASC[0m
  [1m[35m (0.2ms)[0m  [1m[35mBEGIN[0m
  [1m[36mScoreBoard Create (1.0ms)[0m  [1m[32mINSERT INTO "score_boards" ("difficulty", "created_at", "updated_at") VALUES ($1, $2, $3) RETURNING "id"[0m  [["difficulty", "easy"], ["created_at", "2020-07-23 14:00:17.835605"], ["updated_at", "2020-07-23 14:00:17.835605"]]
  [1m[35m (0.5ms)[0m  [1m[35mCOMMIT[0m
  [1m[36mScoreBoard Load (0.4ms)[0m  [1m[34mSELECT "score_boards".* FROM "score_boards" LIMIT $1[0m  [["LIMIT", 11]]
  [1m[35m (0.2ms)[0m  [1m[35mBEGIN[0m
  [1m[36mHighScore Create (0.8ms)[0m  [1m[32mINSERT INTO "high_scores" ("initials", "score", "difficulty", "score_board_id", "created_at", "updated_at") VALUES ($1, $2, $3, $4, $5, $6) RETURNING "id"[0m  [["initials", "SJM"], ["score", 1000], ["difficulty", "easy"], ["score_board_id", 1], ["created_at", "2020-07-23 14:01:42.861806"], ["updated_at", "2020-07-23 14:01:42.861806"]]
  [1m[35m (0.3ms)[0m  [1m[35mCOMMIT[0m
  [1m[36mHighScore Load (0.4ms)[0m  [1m[34mSELECT "high_scores".* FROM "high_scores" LIMIT $1[0m  [["LIMIT", 11]]
  [1m[36mScoreBoard Load (0.3ms)[0m  [1m[34mSELECT "score_boards".* FROM "score_boards" ORDER BY "score_boards"."id" ASC LIMIT $1[0m  [["LIMIT", 1]]
  [1m[36mScoreBoard Load (0.3ms)[0m  [1m[34mSELECT "score_boards".* FROM "score_boards" ORDER BY "score_boards"."id" ASC LIMIT $1[0m  [["LIMIT", 1]]
  [1m[36mHighScore Load (0.4ms)[0m  [1m[34mSELECT "high_scores".* FROM "high_scores" WHERE "high_scores"."score_board_id" = $1 LIMIT $2[0m  [["score_board_id", 1], ["LIMIT", 11]]
